下午 09:05:40  [main] 	Initializing Control Panel
下午 09:05:40  [main] 	Windows Version:  Enterprise  64-bit
下午 09:05:40  [main] 	XAMPP Version: 8.0.14
下午 09:05:40  [main] 	Control Panel Version: 3.3.0  [ Compiled: Apr 6th 2021 ]
下午 09:05:40  [main] 	Running with Administrator rights - good!
下午 09:05:40  [main] 	XAMPP Installation Directory: "c:\xampp\"
下午 09:05:40  [main] 	Checking for prerequisites
下午 09:05:40  [main] 	All prerequisites found
下午 09:05:40  [main] 	Initializing Modules
下午 09:05:40  [Apache] 	XAMPP Apache is already running on port 80
下午 09:05:40  [Apache] 	XAMPP Apache is already running on port 443
下午 09:05:40  [mysql] 	XAMPP MySQL is already running on port 3306
下午 09:05:40  [main] 	Starting Check-Timer
下午 09:05:40  [main] 	Control Panel Ready
下午 10:05:14  [Apache] 	Status change detected: stopped
下午 10:05:14  [Apache] 	Error: Apache shutdown unexpectedly.
下午 10:05:14  [Apache] 	This may be due to a blocked port, missing dependencies, 
下午 10:05:14  [Apache] 	improper privileges, a crash, or a shutdown by another method.
下午 10:05:14  [Apache] 	Press the Logs button to view error logs and check
下午 10:05:14  [Apache] 	the Windows Event Viewer for more clues
下午 10:05:14  [Apache] 	If you need more help, copy and post this
下午 10:05:14  [Apache] 	entire log window on the forums
下午 10:05:15  [mysql] 	Status change detected: stopped
下午 10:05:15  [mysql] 	Error: MySQL shutdown unexpectedly.
下午 10:05:15  [mysql] 	This may be due to a blocked port, missing dependencies, 
下午 10:05:15  [mysql] 	improper privileges, a crash, or a shutdown by another method.
下午 10:05:15  [mysql] 	Press the Logs button to view error logs and check
下午 10:05:15  [mysql] 	the Windows Event Viewer for more clues
下午 10:05:15  [mysql] 	If you need more help, copy and post this
下午 10:05:15  [mysql] 	entire log window on the forums
下午 10:18:05  [main] 	Deinitializing Modules
下午 10:18:05  [main] 	Deinitializing Control Panel

上午 06:30:54  [main] 	Initializing Control Panel
上午 06:30:54  [main] 	Windows Version:  Enterprise  64-bit
上午 06:30:54  [main] 	XAMPP Version: 8.0.14
上午 06:30:54  [main] 	Control Panel Version: 3.3.0  [ Compiled: Apr 6th 2021 ]
上午 06:30:54  [main] 	You are not running with administrator rights! This will work for
上午 06:30:54  [main] 	most application stuff but whenever you do something with services
上午 06:30:54  [main] 	there will be a security dialogue or things will break! So think 
上午 06:30:54  [main] 	about running this application with administrator rights!
上午 06:30:54  [main] 	XAMPP Installation Directory: "c:\xampp\"
上午 06:30:54  [main] 	Checking for prerequisites
上午 06:31:11  [main] 	All prerequisites found
上午 06:31:11  [main] 	Initializing Modules
上午 06:31:11  [main] 	Starting Check-Timer
上午 06:31:11  [main] 	Control Panel Ready
上午 06:31:18  [mysql] 	Attempting to start MySQL app...
上午 06:31:18  [mysql] 	Status change detected: running
上午 06:31:18  [Apache] 	Attempting to start Apache app...
上午 06:31:19  [Apache] 	Status change detected: running
上午 06:39:26  [mysql] 	Attempting to stop MySQL app...
上午 06:39:26  [mysql] 	Status change detected: stopped
上午 06:39:26  [Apache] 	Attempting to stop Apache (PID: 7708)
上午 06:39:26  [Apache] 	Attempting to stop Apache (PID: 12128)
上午 06:39:26  [Apache] 	Status change detected: stopped
上午 06:39:27  [Apache] 	Problem detected!
上午 06:39:27  [Apache] 	Port 80 in use by "Unable to get info" with PID 7708!
上午 06:39:27  [Apache] 	Apache WILL NOT start without the configured ports free!
上午 06:39:27  [Apache] 	You need to uninstall/disable/reconfigure the blocking application
上午 06:39:27  [Apache] 	or reconfigure Apache and the Control Panel to listen on a different port
上午 06:39:27  [Apache] 	Attempting to start Apache app...
上午 06:39:27  [Apache] 	Status change detected: running
上午 06:39:28  [mysql] 	Attempting to start MySQL app...
上午 06:39:28  [mysql] 	Status change detected: running
上午 06:53:06  [mysql] 	Attempting to stop MySQL app...
上午 06:53:06  [mysql] 	Status change detected: stopped
上午 06:53:07  [mysql] 	Attempting to start MySQL app...
上午 06:53:07  [mysql] 	Status change detected: running
上午 06:53:08  [Apache] 	Attempting to stop Apache (PID: 9080)
上午 06:53:08  [Apache] 	Attempting to stop Apache (PID: 2564)
上午 06:53:08  [Apache] 	Status change detected: stopped
上午 06:53:09  [Apache] 	Attempting to start Apache app...
上午 06:53:09  [Apache] 	Status change detected: running
下午 02:59:57  [Apache] 	Status change detected: stopped
下午 02:59:57  [Apache] 	Error: Apache shutdown unexpectedly.
下午 02:59:57  [Apache] 	This may be due to a blocked port, missing dependencies, 
下午 02:59:57  [Apache] 	improper privileges, a crash, or a shutdown by another method.
下午 02:59:57  [Apache] 	Press the Logs button to view error logs and check
下午 02:59:57  [Apache] 	the Windows Event Viewer for more clues
下午 02:59:57  [Apache] 	If you need more help, copy and post this
下午 02:59:57  [Apache] 	entire log window on the forums
下午 02:59:57  [mysql] 	Status change detected: stopped
下午 02:59:57  [mysql] 	Error: MySQL shutdown unexpectedly.
下午 02:59:57  [mysql] 	This may be due to a blocked port, missing dependencies, 
下午 02:59:57  [mysql] 	improper privileges, a crash, or a shutdown by another method.
下午 02:59:57  [mysql] 	Press the Logs button to view error logs and check
下午 02:59:57  [mysql] 	the Windows Event Viewer for more clues
下午 02:59:57  [mysql] 	If you need more help, copy and post this
下午 02:59:57  [mysql] 	entire log window on the forums
下午 02:59:57  [main] 	Deinitializing Modules
下午 02:59:57  [main] 	Deinitializing Control Panel

上午 03:13:59  [main] 	Initializing Control Panel
上午 03:13:59  [main] 	Windows Version:  Enterprise  64-bit
上午 03:13:59  [main] 	XAMPP Version: 8.0.14
上午 03:13:59  [main] 	Control Panel Version: 3.3.0  [ Compiled: Apr 6th 2021 ]
上午 03:13:59  [main] 	You are not running with administrator rights! This will work for
上午 03:13:59  [main] 	most application stuff but whenever you do something with services
上午 03:13:59  [main] 	there will be a security dialogue or things will break! So think 
上午 03:13:59  [main] 	about running this application with administrator rights!
上午 03:13:59  [main] 	XAMPP Installation Directory: "c:\xampp - 複製\"
上午 03:13:59  [main] 	WARNING: Your install directory contains spaces.  This may break programs/scripts
上午 03:13:59  [main] 	Checking for prerequisites
上午 03:13:59  [main] 	All prerequisites found
上午 03:13:59  [main] 	Initializing Modules
上午 03:13:59  [Apache] 	Problem detected!
上午 03:13:59  [Apache] 	Port 80 in use by "Unable to get info" with PID 5104!
上午 03:13:59  [Apache] 	Apache WILL NOT start without the configured ports free!
上午 03:13:59  [Apache] 	You need to uninstall/disable/reconfigure the blocking application
上午 03:13:59  [Apache] 	or reconfigure Apache and the Control Panel to listen on a different port
上午 03:13:59  [main] 	Starting Check-Timer
上午 03:13:59  [main] 	Control Panel Ready
上午 03:14:01  [mysql] 	Attempting to start MySQL app...
上午 03:14:01  [mysql] 	Status change detected: running
上午 03:14:01  [Apache] 	Problem detected!
上午 03:14:01  [Apache] 	Port 80 in use by "Unable to get info" with PID 5104!
上午 03:14:01  [Apache] 	Apache WILL NOT start without the configured ports free!
上午 03:14:01  [Apache] 	You need to uninstall/disable/reconfigure the blocking application
上午 03:14:01  [Apache] 	or reconfigure Apache and the Control Panel to listen on a different port
上午 03:14:01  [Apache] 	Attempting to start Apache app...
上午 03:14:01  [Apache] 	Status change detected: running
上午 03:14:40  [main] 	Deinitializing Modules
上午 03:14:40  [main] 	Deinitializing Control Panel

